<?xml version="1.0" encoding="UTF-8"?>
<testsuite xmlns:xsi="http://www.w3.org/2001/XMLSchema-instance" xsi:noNamespaceSchemaLocation="https://maven.apache.org/surefire/maven-surefire-plugin/xsd/surefire-test-report.xsd" name="TestRunner" time="91.698" tests="4" errors="0" skipped="0" failures="0">
  <properties>
    <property name="sun.desktop" value="gnome"/>
    <property name="awt.toolkit" value="sun.awt.X11.XToolkit"/>
    <property name="java.specification.version" value="11"/>
    <property name="sun.cpu.isalist" value=""/>
    <property name="sun.jnu.encoding" value="UTF-8"/>
    <property name="java.class.path" value="/home/user/Desktop/Sample_Structure_Test_Automation_Project with Page Factory/target/test-classes:/home/user/Desktop/Sample_Structure_Test_Automation_Project with Page Factory/target/classes:/home/user/.m2/repository/org/seleniumhq/selenium/selenium-api/3.141.59/selenium-api-3.141.59.jar:/home/user/.m2/repository/junit/junit/4.13/junit-4.13.jar:/home/user/.m2/repository/org/hamcrest/hamcrest-core/1.3/hamcrest-core-1.3.jar:/home/user/.m2/repository/org/seleniumhq/selenium/selenium-chrome-driver/3.141.59/selenium-chrome-driver-3.141.59.jar:/home/user/.m2/repository/org/seleniumhq/selenium/selenium-remote-driver/3.141.59/selenium-remote-driver-3.141.59.jar:/home/user/.m2/repository/net/bytebuddy/byte-buddy/1.8.15/byte-buddy-1.8.15.jar:/home/user/.m2/repository/org/apache/commons/commons-exec/1.3/commons-exec-1.3.jar:/home/user/.m2/repository/com/google/guava/guava/25.0-jre/guava-25.0-jre.jar:/home/user/.m2/repository/com/google/code/findbugs/jsr305/1.3.9/jsr305-1.3.9.jar:/home/user/.m2/repository/org/checkerframework/checker-compat-qual/2.0.0/checker-compat-qual-2.0.0.jar:/home/user/.m2/repository/com/google/errorprone/error_prone_annotations/2.1.3/error_prone_annotations-2.1.3.jar:/home/user/.m2/repository/com/google/j2objc/j2objc-annotations/1.1/j2objc-annotations-1.1.jar:/home/user/.m2/repository/org/codehaus/mojo/animal-sniffer-annotations/1.14/animal-sniffer-annotations-1.14.jar:/home/user/.m2/repository/com/squareup/okhttp3/okhttp/3.11.0/okhttp-3.11.0.jar:/home/user/.m2/repository/com/squareup/okio/okio/1.14.0/okio-1.14.0.jar:/home/user/.m2/repository/org/apache/maven/plugins/maven-compiler-plugin/3.1/maven-compiler-plugin-3.1.jar:/home/user/.m2/repository/org/apache/maven/maven-plugin-api/2.0.9/maven-plugin-api-2.0.9.jar:/home/user/.m2/repository/org/apache/maven/maven-artifact/2.0.9/maven-artifact-2.0.9.jar:/home/user/.m2/repository/org/apache/maven/maven-core/2.0.9/maven-core-2.0.9.jar:/home/user/.m2/repository/org/apache/maven/maven-settings/2.0.9/maven-settings-2.0.9.jar:/home/user/.m2/repository/org/apache/maven/maven-plugin-parameter-documenter/2.0.9/maven-plugin-parameter-documenter-2.0.9.jar:/home/user/.m2/repository/org/apache/maven/wagon/wagon-webdav/1.0-beta-2/wagon-webdav-1.0-beta-2.jar:/home/user/.m2/repository/slide/slide-webdavlib/2.1/slide-webdavlib-2.1.jar:/home/user/.m2/repository/commons-httpclient/commons-httpclient/2.0.2/commons-httpclient-2.0.2.jar:/home/user/.m2/repository/jdom/jdom/1.0/jdom-1.0.jar:/home/user/.m2/repository/de/zeigermann/xml/xml-im-exporter/1.1/xml-im-exporter-1.1.jar:/home/user/.m2/repository/org/apache/maven/maven-profile/2.0.9/maven-profile-2.0.9.jar:/home/user/.m2/repository/org/apache/maven/wagon/wagon-provider-api/1.0-beta-2/wagon-provider-api-1.0-beta-2.jar:/home/user/.m2/repository/org/apache/maven/maven-repository-metadata/2.0.9/maven-repository-metadata-2.0.9.jar:/home/user/.m2/repository/org/apache/maven/maven-error-diagnostics/2.0.9/maven-error-diagnostics-2.0.9.jar:/home/user/.m2/repository/org/apache/maven/maven-plugin-descriptor/2.0.9/maven-plugin-descriptor-2.0.9.jar:/home/user/.m2/repository/org/apache/maven/maven-artifact-manager/2.0.9/maven-artifact-manager-2.0.9.jar:/home/user/.m2/repository/org/apache/maven/maven-monitor/2.0.9/maven-monitor-2.0.9.jar:/home/user/.m2/repository/org/apache/maven/maven-toolchain/1.0/maven-toolchain-1.0.jar:/home/user/.m2/repository/org/apache/maven/shared/maven-shared-utils/0.1/maven-shared-utils-0.1.jar:/home/user/.m2/repository/org/apache/maven/shared/maven-shared-incremental/1.1/maven-shared-incremental-1.1.jar:/home/user/.m2/repository/org/codehaus/plexus/plexus-component-annotations/1.5.5/plexus-component-annotations-1.5.5.jar:/home/user/.m2/repository/org/codehaus/plexus/plexus-compiler-api/2.2/plexus-compiler-api-2.2.jar:/home/user/.m2/repository/org/codehaus/plexus/plexus-compiler-manager/2.2/plexus-compiler-manager-2.2.jar:/home/user/.m2/repository/org/codehaus/plexus/plexus-compiler-javac/2.2/plexus-compiler-javac-2.2.jar:/home/user/.m2/repository/org/codehaus/plexus/plexus-container-default/1.5.5/plexus-container-default-1.5.5.jar:/home/user/.m2/repository/org/codehaus/plexus/plexus-classworlds/2.2.2/plexus-classworlds-2.2.2.jar:/home/user/.m2/repository/org/apache/xbean/xbean-reflect/3.4/xbean-reflect-3.4.jar:/home/user/.m2/repository/commons-logging/commons-logging-api/1.1/commons-logging-api-1.1.jar:/home/user/.m2/repository/com/google/collections/google-collections/1.0/google-collections-1.0.jar:/home/user/.m2/repository/org/testng/testng/6.14.3/testng-6.14.3.jar:/home/user/.m2/repository/com/beust/jcommander/1.72/jcommander-1.72.jar:/home/user/.m2/repository/org/apache-extras/beanshell/bsh/2.0b6/bsh-2.0b6.jar:/home/user/.m2/repository/com/relevantcodes/extentreports/2.41.2/extentreports-2.41.2.jar:/home/user/.m2/repository/org/jsoup/jsoup/1.8.3/jsoup-1.8.3.jar:/home/user/.m2/repository/org/xerial/sqlite-jdbc/3.8.11.1/sqlite-jdbc-3.8.11.1.jar:/home/user/.m2/repository/org/freemarker/freemarker/2.3.23/freemarker-2.3.23.jar:/home/user/.m2/repository/org/mongodb/mongodb-driver/3.0.4/mongodb-driver-3.0.4.jar:/home/user/.m2/repository/org/mongodb/bson/3.0.4/bson-3.0.4.jar:/home/user/.m2/repository/org/mongodb/mongodb-driver-core/3.0.4/mongodb-driver-core-3.0.4.jar:/home/user/.m2/repository/com/aventstack/extentreports/3.1.5/extentreports-3.1.5.jar:/home/user/.m2/repository/org/apache/httpcomponents/httpclient/4.5.2/httpclient-4.5.2.jar:/home/user/.m2/repository/org/apache/httpcomponents/httpcore/4.4.4/httpcore-4.4.4.jar:/home/user/.m2/repository/commons-logging/commons-logging/1.2/commons-logging-1.2.jar:/home/user/.m2/repository/commons-codec/commons-codec/1.9/commons-codec-1.9.jar:/home/user/.m2/repository/org/apache/httpcomponents/httpmime/4.5.2/httpmime-4.5.2.jar:/home/user/.m2/repository/com/google/code/gson/gson/2.8.0/gson-2.8.0.jar:/home/user/.m2/repository/dom4j/dom4j/1.6.1/dom4j-1.6.1.jar:/home/user/.m2/repository/xml-apis/xml-apis/1.0.b2/xml-apis-1.0.b2.jar:/home/user/.m2/repository/org/apache/maven/plugins/maven-surefire-plugin/2.12.4/maven-surefire-plugin-2.12.4.jar:/home/user/.m2/repository/org/apache/maven/surefire/surefire-booter/2.12.4/surefire-booter-2.12.4.jar:/home/user/.m2/repository/org/apache/maven/surefire/surefire-api/2.12.4/surefire-api-2.12.4.jar:/home/user/.m2/repository/org/apache/maven/surefire/maven-surefire-common/2.12.4/maven-surefire-common-2.12.4.jar:/home/user/.m2/repository/org/apache/commons/commons-lang3/3.1/commons-lang3-3.1.jar:/home/user/.m2/repository/org/apache/maven/shared/maven-common-artifact-filters/1.3/maven-common-artifact-filters-1.3.jar:/home/user/.m2/repository/org/codehaus/plexus/plexus-utils/3.0.8/plexus-utils-3.0.8.jar:/home/user/.m2/repository/org/apache/maven/maven-project/2.0.9/maven-project-2.0.9.jar:/home/user/.m2/repository/org/apache/maven/maven-plugin-registry/2.0.9/maven-plugin-registry-2.0.9.jar:/home/user/.m2/repository/org/apache/maven/plugin-tools/maven-plugin-annotations/3.1/maven-plugin-annotations-3.1.jar:/home/user/.m2/repository/org/jxls/jxls/2.6.0/jxls-2.6.0.jar:/home/user/.m2/repository/org/apache/commons/commons-jexl3/3.1/commons-jexl3-3.1.jar:/home/user/.m2/repository/commons-beanutils/commons-beanutils/1.9.3/commons-beanutils-1.9.3.jar:/home/user/.m2/repository/commons-collections/commons-collections/3.2.2/commons-collections-3.2.2.jar:/home/user/.m2/repository/org/slf4j/slf4j-api/1.7.26/slf4j-api-1.7.26.jar:/home/user/.m2/repository/org/slf4j/jcl-over-slf4j/1.7.26/jcl-over-slf4j-1.7.26.jar:/home/user/.m2/repository/ch/qos/logback/logback-core/1.2.3/logback-core-1.2.3.jar:/home/user/.m2/repository/net/sourceforge/jexcelapi/jxl/2.6/jxl-2.6.jar:/home/user/.m2/repository/org/seleniumhq/selenium/selenium-support/2.0a7/selenium-support-2.0a7.jar:/home/user/.m2/repository/org/seleniumhq/selenium/selenium-common/2.0a7/selenium-common-2.0a7.jar:/home/user/.m2/repository/org/hamcrest/hamcrest-all/1.1/hamcrest-all-1.1.jar:/home/user/.m2/repository/commons-io/commons-io/2.6/commons-io-2.6.jar:/home/user/.m2/repository/com/github/hoantran-it/library/utility-library/1.6.8/utility-library-1.6.8.jar:/home/user/.m2/repository/ch/qos/logback/logback-classic/1.1.2/logback-classic-1.1.2.jar:/home/user/.m2/repository/commons-lang/commons-lang/2.6/commons-lang-2.6.jar:/home/user/.m2/repository/javax/mail/javax.mail-api/1.6.2/javax.mail-api-1.6.2.jar:/home/user/.m2/repository/javax/activation/activation/1.1/activation-1.1.jar:/home/user/.m2/repository/com/sun/mail/javax.mail/1.5.1/javax.mail-1.5.1.jar:/home/user/.m2/repository/org/apache/commons/commons-email/1.4/commons-email-1.4.jar:/home/user/.m2/repository/javax/mail/mail/1.4/mail-1.4.jar:/home/user/.m2/repository/org/sikuli/sikuli-api/1.2.0/sikuli-api-1.2.0.jar:/home/user/.m2/repository/org/sikuli/sikuli-core/1.2.2/sikuli-core-1.2.2.jar:/home/user/.m2/repository/org/bytedeco/javacpp/0.9/javacpp-0.9.jar:/home/user/.m2/repository/org/bytedeco/javacpp-presets/opencv/2.4.9-0.9/opencv-2.4.9-0.9.jar:/home/user/.m2/repository/org/piccolo2d/piccolo2d-extras/1.3.1/piccolo2d-extras-1.3.1.jar:/home/user/.m2/repository/org/piccolo2d/piccolo2d-core/1.3.1/piccolo2d-core-1.3.1.jar:/home/user/.m2/repository/com/qspin/qtaste/plugin/sikuli/3.0.0/sikuli-3.0.0.jar:/home/user/.m2/repository/commons-cli/commons-cli/1.3.1/commons-cli-1.3.1.jar:/home/user/.m2/repository/com/qspin/qtaste/qtaste-kernel/3.0.0/qtaste-kernel-3.0.0.jar:/home/user/.m2/repository/commons-configuration/commons-configuration/1.10/commons-configuration-1.10.jar:/home/user/.m2/repository/commons-net/commons-net/3.4/commons-net-3.4.jar:/home/user/.m2/repository/org/jfree/jfreechart/1.0.19/jfreechart-1.0.19.jar:/home/user/.m2/repository/org/jfree/jcommon/1.0.23/jcommon-1.0.23.jar:/home/user/.m2/repository/com/jgoodies/jgoodies-forms/1.9.0/jgoodies-forms-1.9.0.jar:/home/user/.m2/repository/com/jgoodies/jgoodies-common/1.8.1/jgoodies-common-1.8.1.jar:/home/user/.m2/repository/de/sciss/syntaxpane/1.1.4/syntaxpane-1.1.4.jar:/home/user/.m2/repository/org/python/jython-standalone/2.7.0/jython-standalone-2.7.0.jar:/home/user/.m2/repository/xalan/xalan/2.7.2/xalan-2.7.2.jar:/home/user/.m2/repository/xalan/serializer/2.7.2/serializer-2.7.2.jar:/home/user/.m2/repository/xerces/xercesImpl/2.11.0/xercesImpl-2.11.0.jar:/home/user/.m2/repository/com/sikulix/sikulixapi/1.1.0/sikulixapi-1.1.0.jar:/home/user/.m2/repository/com/melloware/jintellitype/1.3.7/jintellitype-1.3.7.jar:/home/user/.m2/repository/jxgrabkey/jxgrabkey/1.0/jxgrabkey-1.0.jar:/home/user/.m2/repository/org/swinglabs/swing-layout/1.0.3/swing-layout-1.0.3.jar:/home/user/.m2/repository/com/sikulix/sikulixlibslux/1.1.0/sikulixlibslux-1.1.0.jar:/home/user/.m2/repository/com/sikulix/sikulixlibswin/1.1.0/sikulixlibswin-1.1.0.jar:/home/user/.m2/repository/com/nativelibs4java/bridj/0.7.0/bridj-0.7.0.jar:/home/user/.m2/repository/com/google/android/tools/dx/1.7/dx-1.7.jar:/home/user/.m2/repository/log4j/log4j/1.2.17/log4j-1.2.17.jar:/home/user/.m2/repository/com/github/dine11101/sikuli/0.0.2/sikuli-0.0.2.jar:/home/user/.m2/repository/org/seleniumhq/selenium/selenium-java/2.44.0/selenium-java-2.44.0.jar:/home/user/.m2/repository/org/seleniumhq/selenium/selenium-htmlunit-driver/2.44.0/selenium-htmlunit-driver-2.44.0.jar:/home/user/.m2/repository/net/sourceforge/htmlunit/htmlunit/2.15/htmlunit-2.15.jar:/home/user/.m2/repository/net/sourceforge/htmlunit/htmlunit-core-js/2.15/htmlunit-core-js-2.15.jar:/home/user/.m2/repository/net/sourceforge/nekohtml/nekohtml/1.9.21/nekohtml-1.9.21.jar:/home/user/.m2/repository/net/sourceforge/cssparser/cssparser/0.9.14/cssparser-0.9.14.jar:/home/user/.m2/repository/org/w3c/css/sac/1.3/sac-1.3.jar:/home/user/.m2/repository/org/eclipse/jetty/jetty-websocket/8.1.15.v20140411/jetty-websocket-8.1.15.v20140411.jar:/home/user/.m2/repository/org/eclipse/jetty/jetty-util/8.1.15.v20140411/jetty-util-8.1.15.v20140411.jar:/home/user/.m2/repository/org/eclipse/jetty/jetty-io/8.1.15.v20140411/jetty-io-8.1.15.v20140411.jar:/home/user/.m2/repository/org/eclipse/jetty/jetty-http/8.1.15.v20140411/jetty-http-8.1.15.v20140411.jar:/home/user/.m2/repository/org/seleniumhq/selenium/selenium-firefox-driver/2.44.0/selenium-firefox-driver-2.44.0.jar:/home/user/.m2/repository/org/seleniumhq/selenium/selenium-ie-driver/2.44.0/selenium-ie-driver-2.44.0.jar:/home/user/.m2/repository/net/java/dev/jna/jna/3.4.0/jna-3.4.0.jar:/home/user/.m2/repository/net/java/dev/jna/platform/3.4.0/platform-3.4.0.jar:/home/user/.m2/repository/org/seleniumhq/selenium/selenium-safari-driver/2.44.0/selenium-safari-driver-2.44.0.jar:/home/user/.m2/repository/org/webbitserver/webbit/0.4.14/webbit-0.4.14.jar:/home/user/.m2/repository/io/netty/netty/3.5.2.Final/netty-3.5.2.Final.jar:/home/user/.m2/repository/org/apache/maven/plugins/maven-deploy-plugin/2.7/maven-deploy-plugin-2.7.jar:/home/user/.m2/repository/org/apache/maven/maven-model/2.0.6/maven-model-2.0.6.jar:"/>
    <property name="java.vm.vendor" value="Ubuntu"/>
    <property name="sun.arch.data.model" value="64"/>
    <property name="java.vendor.url" value="https://ubuntu.com/"/>
    <property name="user.timezone" value=""/>
    <property name="java.vm.specification.version" value="11"/>
    <property name="os.name" value="Linux"/>
    <property name="sun.java.launcher" value="SUN_STANDARD"/>
    <property name="user.country" value="US"/>
    <property name="sun.boot.library.path" value="/usr/lib/jvm/java-11-openjdk-amd64/lib"/>
    <property name="sun.java.command" value="/home/user/Desktop/Sample_Structure_Test_Automation_Project with Page Factory/target/surefire/surefirebooter6041387054860819229.jar /home/user/Desktop/Sample_Structure_Test_Automation_Project with Page Factory/target/surefire 2020-09-30T19-10-33_845-jvmRun1 surefire9523368495689450923tmp surefire_011096296173112322882tmp"/>
    <property name="jdk.debug" value="release"/>
    <property name="surefire.test.class.path" value="/home/user/Desktop/Sample_Structure_Test_Automation_Project with Page Factory/target/test-classes:/home/user/Desktop/Sample_Structure_Test_Automation_Project with Page Factory/target/classes:/home/user/.m2/repository/org/seleniumhq/selenium/selenium-api/3.141.59/selenium-api-3.141.59.jar:/home/user/.m2/repository/junit/junit/4.13/junit-4.13.jar:/home/user/.m2/repository/org/hamcrest/hamcrest-core/1.3/hamcrest-core-1.3.jar:/home/user/.m2/repository/org/seleniumhq/selenium/selenium-chrome-driver/3.141.59/selenium-chrome-driver-3.141.59.jar:/home/user/.m2/repository/org/seleniumhq/selenium/selenium-remote-driver/3.141.59/selenium-remote-driver-3.141.59.jar:/home/user/.m2/repository/net/bytebuddy/byte-buddy/1.8.15/byte-buddy-1.8.15.jar:/home/user/.m2/repository/org/apache/commons/commons-exec/1.3/commons-exec-1.3.jar:/home/user/.m2/repository/com/google/guava/guava/25.0-jre/guava-25.0-jre.jar:/home/user/.m2/repository/com/google/code/findbugs/jsr305/1.3.9/jsr305-1.3.9.jar:/home/user/.m2/repository/org/checkerframework/checker-compat-qual/2.0.0/checker-compat-qual-2.0.0.jar:/home/user/.m2/repository/com/google/errorprone/error_prone_annotations/2.1.3/error_prone_annotations-2.1.3.jar:/home/user/.m2/repository/com/google/j2objc/j2objc-annotations/1.1/j2objc-annotations-1.1.jar:/home/user/.m2/repository/org/codehaus/mojo/animal-sniffer-annotations/1.14/animal-sniffer-annotations-1.14.jar:/home/user/.m2/repository/com/squareup/okhttp3/okhttp/3.11.0/okhttp-3.11.0.jar:/home/user/.m2/repository/com/squareup/okio/okio/1.14.0/okio-1.14.0.jar:/home/user/.m2/repository/org/apache/maven/plugins/maven-compiler-plugin/3.1/maven-compiler-plugin-3.1.jar:/home/user/.m2/repository/org/apache/maven/maven-plugin-api/2.0.9/maven-plugin-api-2.0.9.jar:/home/user/.m2/repository/org/apache/maven/maven-artifact/2.0.9/maven-artifact-2.0.9.jar:/home/user/.m2/repository/org/apache/maven/maven-core/2.0.9/maven-core-2.0.9.jar:/home/user/.m2/repository/org/apache/maven/maven-settings/2.0.9/maven-settings-2.0.9.jar:/home/user/.m2/repository/org/apache/maven/maven-plugin-parameter-documenter/2.0.9/maven-plugin-parameter-documenter-2.0.9.jar:/home/user/.m2/repository/org/apache/maven/wagon/wagon-webdav/1.0-beta-2/wagon-webdav-1.0-beta-2.jar:/home/user/.m2/repository/slide/slide-webdavlib/2.1/slide-webdavlib-2.1.jar:/home/user/.m2/repository/commons-httpclient/commons-httpclient/2.0.2/commons-httpclient-2.0.2.jar:/home/user/.m2/repository/jdom/jdom/1.0/jdom-1.0.jar:/home/user/.m2/repository/de/zeigermann/xml/xml-im-exporter/1.1/xml-im-exporter-1.1.jar:/home/user/.m2/repository/org/apache/maven/maven-profile/2.0.9/maven-profile-2.0.9.jar:/home/user/.m2/repository/org/apache/maven/wagon/wagon-provider-api/1.0-beta-2/wagon-provider-api-1.0-beta-2.jar:/home/user/.m2/repository/org/apache/maven/maven-repository-metadata/2.0.9/maven-repository-metadata-2.0.9.jar:/home/user/.m2/repository/org/apache/maven/maven-error-diagnostics/2.0.9/maven-error-diagnostics-2.0.9.jar:/home/user/.m2/repository/org/apache/maven/maven-plugin-descriptor/2.0.9/maven-plugin-descriptor-2.0.9.jar:/home/user/.m2/repository/org/apache/maven/maven-artifact-manager/2.0.9/maven-artifact-manager-2.0.9.jar:/home/user/.m2/repository/org/apache/maven/maven-monitor/2.0.9/maven-monitor-2.0.9.jar:/home/user/.m2/repository/org/apache/maven/maven-toolchain/1.0/maven-toolchain-1.0.jar:/home/user/.m2/repository/org/apache/maven/shared/maven-shared-utils/0.1/maven-shared-utils-0.1.jar:/home/user/.m2/repository/org/apache/maven/shared/maven-shared-incremental/1.1/maven-shared-incremental-1.1.jar:/home/user/.m2/repository/org/codehaus/plexus/plexus-component-annotations/1.5.5/plexus-component-annotations-1.5.5.jar:/home/user/.m2/repository/org/codehaus/plexus/plexus-compiler-api/2.2/plexus-compiler-api-2.2.jar:/home/user/.m2/repository/org/codehaus/plexus/plexus-compiler-manager/2.2/plexus-compiler-manager-2.2.jar:/home/user/.m2/repository/org/codehaus/plexus/plexus-compiler-javac/2.2/plexus-compiler-javac-2.2.jar:/home/user/.m2/repository/org/codehaus/plexus/plexus-container-default/1.5.5/plexus-container-default-1.5.5.jar:/home/user/.m2/repository/org/codehaus/plexus/plexus-classworlds/2.2.2/plexus-classworlds-2.2.2.jar:/home/user/.m2/repository/org/apache/xbean/xbean-reflect/3.4/xbean-reflect-3.4.jar:/home/user/.m2/repository/commons-logging/commons-logging-api/1.1/commons-logging-api-1.1.jar:/home/user/.m2/repository/com/google/collections/google-collections/1.0/google-collections-1.0.jar:/home/user/.m2/repository/org/testng/testng/6.14.3/testng-6.14.3.jar:/home/user/.m2/repository/com/beust/jcommander/1.72/jcommander-1.72.jar:/home/user/.m2/repository/org/apache-extras/beanshell/bsh/2.0b6/bsh-2.0b6.jar:/home/user/.m2/repository/com/relevantcodes/extentreports/2.41.2/extentreports-2.41.2.jar:/home/user/.m2/repository/org/jsoup/jsoup/1.8.3/jsoup-1.8.3.jar:/home/user/.m2/repository/org/xerial/sqlite-jdbc/3.8.11.1/sqlite-jdbc-3.8.11.1.jar:/home/user/.m2/repository/org/freemarker/freemarker/2.3.23/freemarker-2.3.23.jar:/home/user/.m2/repository/org/mongodb/mongodb-driver/3.0.4/mongodb-driver-3.0.4.jar:/home/user/.m2/repository/org/mongodb/bson/3.0.4/bson-3.0.4.jar:/home/user/.m2/repository/org/mongodb/mongodb-driver-core/3.0.4/mongodb-driver-core-3.0.4.jar:/home/user/.m2/repository/com/aventstack/extentreports/3.1.5/extentreports-3.1.5.jar:/home/user/.m2/repository/org/apache/httpcomponents/httpclient/4.5.2/httpclient-4.5.2.jar:/home/user/.m2/repository/org/apache/httpcomponents/httpcore/4.4.4/httpcore-4.4.4.jar:/home/user/.m2/repository/commons-logging/commons-logging/1.2/commons-logging-1.2.jar:/home/user/.m2/repository/commons-codec/commons-codec/1.9/commons-codec-1.9.jar:/home/user/.m2/repository/org/apache/httpcomponents/httpmime/4.5.2/httpmime-4.5.2.jar:/home/user/.m2/repository/com/google/code/gson/gson/2.8.0/gson-2.8.0.jar:/home/user/.m2/repository/dom4j/dom4j/1.6.1/dom4j-1.6.1.jar:/home/user/.m2/repository/xml-apis/xml-apis/1.0.b2/xml-apis-1.0.b2.jar:/home/user/.m2/repository/org/apache/maven/plugins/maven-surefire-plugin/2.12.4/maven-surefire-plugin-2.12.4.jar:/home/user/.m2/repository/org/apache/maven/surefire/surefire-booter/2.12.4/surefire-booter-2.12.4.jar:/home/user/.m2/repository/org/apache/maven/surefire/surefire-api/2.12.4/surefire-api-2.12.4.jar:/home/user/.m2/repository/org/apache/maven/surefire/maven-surefire-common/2.12.4/maven-surefire-common-2.12.4.jar:/home/user/.m2/repository/org/apache/commons/commons-lang3/3.1/commons-lang3-3.1.jar:/home/user/.m2/repository/org/apache/maven/shared/maven-common-artifact-filters/1.3/maven-common-artifact-filters-1.3.jar:/home/user/.m2/repository/org/codehaus/plexus/plexus-utils/3.0.8/plexus-utils-3.0.8.jar:/home/user/.m2/repository/org/apache/maven/maven-project/2.0.9/maven-project-2.0.9.jar:/home/user/.m2/repository/org/apache/maven/maven-plugin-registry/2.0.9/maven-plugin-registry-2.0.9.jar:/home/user/.m2/repository/org/apache/maven/plugin-tools/maven-plugin-annotations/3.1/maven-plugin-annotations-3.1.jar:/home/user/.m2/repository/org/jxls/jxls/2.6.0/jxls-2.6.0.jar:/home/user/.m2/repository/org/apache/commons/commons-jexl3/3.1/commons-jexl3-3.1.jar:/home/user/.m2/repository/commons-beanutils/commons-beanutils/1.9.3/commons-beanutils-1.9.3.jar:/home/user/.m2/repository/commons-collections/commons-collections/3.2.2/commons-collections-3.2.2.jar:/home/user/.m2/repository/org/slf4j/slf4j-api/1.7.26/slf4j-api-1.7.26.jar:/home/user/.m2/repository/org/slf4j/jcl-over-slf4j/1.7.26/jcl-over-slf4j-1.7.26.jar:/home/user/.m2/repository/ch/qos/logback/logback-core/1.2.3/logback-core-1.2.3.jar:/home/user/.m2/repository/net/sourceforge/jexcelapi/jxl/2.6/jxl-2.6.jar:/home/user/.m2/repository/org/seleniumhq/selenium/selenium-support/2.0a7/selenium-support-2.0a7.jar:/home/user/.m2/repository/org/seleniumhq/selenium/selenium-common/2.0a7/selenium-common-2.0a7.jar:/home/user/.m2/repository/org/hamcrest/hamcrest-all/1.1/hamcrest-all-1.1.jar:/home/user/.m2/repository/commons-io/commons-io/2.6/commons-io-2.6.jar:/home/user/.m2/repository/com/github/hoantran-it/library/utility-library/1.6.8/utility-library-1.6.8.jar:/home/user/.m2/repository/ch/qos/logback/logback-classic/1.1.2/logback-classic-1.1.2.jar:/home/user/.m2/repository/commons-lang/commons-lang/2.6/commons-lang-2.6.jar:/home/user/.m2/repository/javax/mail/javax.mail-api/1.6.2/javax.mail-api-1.6.2.jar:/home/user/.m2/repository/javax/activation/activation/1.1/activation-1.1.jar:/home/user/.m2/repository/com/sun/mail/javax.mail/1.5.1/javax.mail-1.5.1.jar:/home/user/.m2/repository/org/apache/commons/commons-email/1.4/commons-email-1.4.jar:/home/user/.m2/repository/javax/mail/mail/1.4/mail-1.4.jar:/home/user/.m2/repository/org/sikuli/sikuli-api/1.2.0/sikuli-api-1.2.0.jar:/home/user/.m2/repository/org/sikuli/sikuli-core/1.2.2/sikuli-core-1.2.2.jar:/home/user/.m2/repository/org/bytedeco/javacpp/0.9/javacpp-0.9.jar:/home/user/.m2/repository/org/bytedeco/javacpp-presets/opencv/2.4.9-0.9/opencv-2.4.9-0.9.jar:/home/user/.m2/repository/org/piccolo2d/piccolo2d-extras/1.3.1/piccolo2d-extras-1.3.1.jar:/home/user/.m2/repository/org/piccolo2d/piccolo2d-core/1.3.1/piccolo2d-core-1.3.1.jar:/home/user/.m2/repository/com/qspin/qtaste/plugin/sikuli/3.0.0/sikuli-3.0.0.jar:/home/user/.m2/repository/commons-cli/commons-cli/1.3.1/commons-cli-1.3.1.jar:/home/user/.m2/repository/com/qspin/qtaste/qtaste-kernel/3.0.0/qtaste-kernel-3.0.0.jar:/home/user/.m2/repository/commons-configuration/commons-configuration/1.10/commons-configuration-1.10.jar:/home/user/.m2/repository/commons-net/commons-net/3.4/commons-net-3.4.jar:/home/user/.m2/repository/org/jfree/jfreechart/1.0.19/jfreechart-1.0.19.jar:/home/user/.m2/repository/org/jfree/jcommon/1.0.23/jcommon-1.0.23.jar:/home/user/.m2/repository/com/jgoodies/jgoodies-forms/1.9.0/jgoodies-forms-1.9.0.jar:/home/user/.m2/repository/com/jgoodies/jgoodies-common/1.8.1/jgoodies-common-1.8.1.jar:/home/user/.m2/repository/de/sciss/syntaxpane/1.1.4/syntaxpane-1.1.4.jar:/home/user/.m2/repository/org/python/jython-standalone/2.7.0/jython-standalone-2.7.0.jar:/home/user/.m2/repository/xalan/xalan/2.7.2/xalan-2.7.2.jar:/home/user/.m2/repository/xalan/serializer/2.7.2/serializer-2.7.2.jar:/home/user/.m2/repository/xerces/xercesImpl/2.11.0/xercesImpl-2.11.0.jar:/home/user/.m2/repository/com/sikulix/sikulixapi/1.1.0/sikulixapi-1.1.0.jar:/home/user/.m2/repository/com/melloware/jintellitype/1.3.7/jintellitype-1.3.7.jar:/home/user/.m2/repository/jxgrabkey/jxgrabkey/1.0/jxgrabkey-1.0.jar:/home/user/.m2/repository/org/swinglabs/swing-layout/1.0.3/swing-layout-1.0.3.jar:/home/user/.m2/repository/com/sikulix/sikulixlibslux/1.1.0/sikulixlibslux-1.1.0.jar:/home/user/.m2/repository/com/sikulix/sikulixlibswin/1.1.0/sikulixlibswin-1.1.0.jar:/home/user/.m2/repository/com/nativelibs4java/bridj/0.7.0/bridj-0.7.0.jar:/home/user/.m2/repository/com/google/android/tools/dx/1.7/dx-1.7.jar:/home/user/.m2/repository/log4j/log4j/1.2.17/log4j-1.2.17.jar:/home/user/.m2/repository/com/github/dine11101/sikuli/0.0.2/sikuli-0.0.2.jar:/home/user/.m2/repository/org/seleniumhq/selenium/selenium-java/2.44.0/selenium-java-2.44.0.jar:/home/user/.m2/repository/org/seleniumhq/selenium/selenium-htmlunit-driver/2.44.0/selenium-htmlunit-driver-2.44.0.jar:/home/user/.m2/repository/net/sourceforge/htmlunit/htmlunit/2.15/htmlunit-2.15.jar:/home/user/.m2/repository/net/sourceforge/htmlunit/htmlunit-core-js/2.15/htmlunit-core-js-2.15.jar:/home/user/.m2/repository/net/sourceforge/nekohtml/nekohtml/1.9.21/nekohtml-1.9.21.jar:/home/user/.m2/repository/net/sourceforge/cssparser/cssparser/0.9.14/cssparser-0.9.14.jar:/home/user/.m2/repository/org/w3c/css/sac/1.3/sac-1.3.jar:/home/user/.m2/repository/org/eclipse/jetty/jetty-websocket/8.1.15.v20140411/jetty-websocket-8.1.15.v20140411.jar:/home/user/.m2/repository/org/eclipse/jetty/jetty-util/8.1.15.v20140411/jetty-util-8.1.15.v20140411.jar:/home/user/.m2/repository/org/eclipse/jetty/jetty-io/8.1.15.v20140411/jetty-io-8.1.15.v20140411.jar:/home/user/.m2/repository/org/eclipse/jetty/jetty-http/8.1.15.v20140411/jetty-http-8.1.15.v20140411.jar:/home/user/.m2/repository/org/seleniumhq/selenium/selenium-firefox-driver/2.44.0/selenium-firefox-driver-2.44.0.jar:/home/user/.m2/repository/org/seleniumhq/selenium/selenium-ie-driver/2.44.0/selenium-ie-driver-2.44.0.jar:/home/user/.m2/repository/net/java/dev/jna/jna/3.4.0/jna-3.4.0.jar:/home/user/.m2/repository/net/java/dev/jna/platform/3.4.0/platform-3.4.0.jar:/home/user/.m2/repository/org/seleniumhq/selenium/selenium-safari-driver/2.44.0/selenium-safari-driver-2.44.0.jar:/home/user/.m2/repository/org/webbitserver/webbit/0.4.14/webbit-0.4.14.jar:/home/user/.m2/repository/io/netty/netty/3.5.2.Final/netty-3.5.2.Final.jar:/home/user/.m2/repository/org/apache/maven/plugins/maven-deploy-plugin/2.7/maven-deploy-plugin-2.7.jar:/home/user/.m2/repository/org/apache/maven/maven-model/2.0.6/maven-model-2.0.6.jar:"/>
    <property name="sun.cpu.endian" value="little"/>
    <property name="user.home" value="/home/user"/>
    <property name="user.language" value="en"/>
    <property name="java.specification.vendor" value="Oracle Corporation"/>
    <property name="java.version.date" value="2020-04-14"/>
    <property name="java.home" value="/usr/lib/jvm/java-11-openjdk-amd64"/>
    <property name="file.separator" value="/"/>
    <property name="basedir" value="/home/user/Desktop/Sample_Structure_Test_Automation_Project with Page Factory"/>
    <property name="java.vm.compressedOopsMode" value="Zero based"/>
    <property name="line.separator" value="&#10;"/>
    <property name="java.specification.name" value="Java Platform API Specification"/>
    <property name="java.vm.specification.vendor" value="Oracle Corporation"/>
    <property name="java.awt.graphicsenv" value="sun.awt.X11GraphicsEnvironment"/>
    <property name="surefire.real.class.path" value="/home/user/Desktop/Sample_Structure_Test_Automation_Project with Page Factory/target/surefire/surefirebooter6041387054860819229.jar"/>
    <property name="sun.management.compiler" value="HotSpot 64-Bit Tiered Compilers"/>
    <property name="java.runtime.version" value="11.0.7+10-post-Ubuntu-2ubuntu218.04"/>
    <property name="user.name" value="user"/>
    <property name="path.separator" value=":"/>
    <property name="os.version" value="5.3.0-59-generic"/>
    <property name="java.runtime.name" value="OpenJDK Runtime Environment"/>
    <property name="file.encoding" value="UTF-8"/>
    <property name="java.vm.name" value="OpenJDK 64-Bit Server VM"/>
    <property name="localRepository" value="/home/user/.m2/repository"/>
    <property name="java.vendor.url.bug" value="https://bugs.launchpad.net/ubuntu/+source/openjdk-lts"/>
    <property name="java.io.tmpdir" value="/tmp"/>
    <property name="java.version" value="11.0.7"/>
    <property name="user.dir" value="/home/user/Desktop/Sample_Structure_Test_Automation_Project with Page Factory"/>
    <property name="os.arch" value="amd64"/>
    <property name="java.vm.specification.name" value="Java Virtual Machine Specification"/>
    <property name="java.awt.printerjob" value="sun.print.PSPrinterJob"/>
    <property name="sun.os.patch.level" value="unknown"/>
    <property name="java.library.path" value="/usr/java/packages/lib:/usr/lib/x86_64-linux-gnu/jni:/lib/x86_64-linux-gnu:/usr/lib/x86_64-linux-gnu:/usr/lib/jni:/lib:/usr/lib"/>
    <property name="java.vendor" value="Ubuntu"/>
    <property name="java.vm.info" value="mixed mode, sharing"/>
    <property name="java.vm.version" value="11.0.7+10-post-Ubuntu-2ubuntu218.04"/>
    <property name="sun.io.unicode.encoding" value="UnicodeLittle"/>
    <property name="java.class.version" value="55.0"/>
  </properties>
  <testcase name="LogInToTheDCS" classname="TestRunner" time="14.012"/>
  <testcase name="GotoDashBoard" classname="TestRunner" time="2.959"/>
  <testcase name="GotoMainMenu" classname="TestRunner" time="4.04"/>
  <testcase name="goToFlights" classname="TestRunner" time="5.536"/>
</testsuite>