<?xml version="1.0" encoding="UTF-8"?>
<!-- Generated by org.testng.reporters.JUnitReportReporter -->
<testsuite hostname="dell-inspiron-5559" failures="0" tests="4" name="TestRunner" time="15.034" errors="0" timestamp="01 Oct 2020 07:23:37 GMT" skipped="0">
  <testcase classname="TestRunner" name="LogInToTheDCS" time="3.444"/>
  <testcase classname="TestRunner" name="GotoMainMenu" time="2.578"/>
  <testcase classname="TestRunner" name="goToFlights" time="3.440"/>
  <testcase classname="TestRunner" name="GotoDashBoard" time="5.572"/>
</testsuite> <!-- TestRunner -->
