<?xml version="1.0" encoding="UTF-8"?>
<!-- Generated by org.testng.reporters.JUnitReportReporter -->
<testsuite hostname="dell-inspiron-5559" failures="0" tests="3" name="TestRunner" time="6.301" errors="0" timestamp="29 Sep 2020 03:46:19 GMT" skipped="0">
  <testcase classname="TestRunner" name="LogInToTheDCS" time="0.751"/>
  <testcase classname="TestRunner" name="GotoDashBoard" time="3.020"/>
  <testcase classname="TestRunner" name="goToFlights" time="2.530"/>
</testsuite> <!-- TestRunner -->
