<?xml version="1.0" encoding="UTF-8"?>
<!-- Generated by org.testng.reporters.JUnitReportReporter -->
<testsuite hostname="dell-inspiron-5559" failures="0" tests="4" name="TestRunner" time="9.859" errors="0" timestamp="01 Oct 2020 16:55:51 GMT" skipped="0">
  <testcase classname="TestRunner" name="LogInToTheDCS" time="0.554"/>
  <testcase classname="TestRunner" name="GotoMainMenu" time="2.517"/>
  <testcase classname="TestRunner" name="goToFlights" time="2.371"/>
  <testcase classname="TestRunner" name="GotoDashBoard" time="4.417"/>
</testsuite> <!-- TestRunner -->
