<?xml version="1.0" encoding="UTF-8"?>
<!-- Generated by org.testng.reporters.JUnitReportReporter -->
<testsuite hostname="dell-inspiron-5559" failures="0" tests="3" name="TestRunner" time="6.199" errors="0" timestamp="29 Sep 2020 12:17:43 GMT" skipped="0">
  <testcase classname="TestRunner" name="LogInToTheDCS" time="1.248"/>
  <testcase classname="TestRunner" name="GotoDashBoard" time="2.534"/>
  <testcase classname="TestRunner" name="goToFlights" time="2.417"/>
</testsuite> <!-- TestRunner -->
