<?xml version="1.0" encoding="UTF-8"?>
<!-- Generated by org.testng.reporters.JUnitReportReporter -->
<testsuite hostname="dell-inspiron-5559" failures="0" tests="4" name="TestRunner" time="11.614" errors="0" timestamp="02 Oct 2020 03:13:51 GMT" skipped="0">
  <testcase classname="TestRunner" name="LogInToTheDCS" time="0.719"/>
  <testcase classname="TestRunner" name="GotoMainMenu" time="2.532"/>
  <testcase classname="TestRunner" name="goToFlights" time="2.454"/>
  <testcase classname="TestRunner" name="GotoDashBoard" time="5.909"/>
</testsuite> <!-- TestRunner -->
