<?xml version="1.0" encoding="UTF-8"?>
<!-- Generated by org.testng.reporters.JUnitReportReporter -->
<testsuite hostname="dell-inspiron-5559" failures="0" tests="4" name="TestRunner" time="7.283" errors="0" timestamp="30 Sep 2020 16:57:46 GMT" skipped="0">
  <testcase classname="TestRunner" name="LogInToTheDCS" time="0.457"/>
  <testcase classname="TestRunner" name="GotoDashBoard" time="2.276"/>
  <testcase classname="TestRunner" name="GotoMainMenu" time="2.179"/>
  <testcase classname="TestRunner" name="goToFlights" time="2.371"/>
</testsuite> <!-- TestRunner -->
