<?xml version="1.0" encoding="UTF-8"?>
<!-- Generated by org.testng.reporters.JUnitReportReporter -->
<testsuite hostname="dell-inspiron-5559" failures="0" tests="3" name="TestRunner" time="7.590" errors="0" timestamp="29 Sep 2020 11:57:26 GMT" skipped="0">
  <testcase classname="TestRunner" name="LogInToTheDCS" time="2.342"/>
  <testcase classname="TestRunner" name="GotoDashBoard" time="2.370"/>
  <testcase classname="TestRunner" name="goToFlights" time="2.878"/>
</testsuite> <!-- TestRunner -->
