<?xml version="1.0" encoding="UTF-8"?>
<!-- Generated by org.testng.reporters.JUnitReportReporter -->
<testsuite hostname="dell-inspiron-5559" failures="0" tests="3" name="TestRunner" time="6.704" errors="0" timestamp="29 Sep 2020 11:38:07 GMT" skipped="0">
  <testcase classname="TestRunner" name="LogInToTheDCS" time="0.900"/>
  <testcase classname="TestRunner" name="GotoDashBoard" time="3.293"/>
  <testcase classname="TestRunner" name="goToFlights" time="2.511"/>
</testsuite> <!-- TestRunner -->
