<?xml version="1.0" encoding="UTF-8"?>
<!-- Generated by org.testng.reporters.JUnitReportReporter -->
<testsuite hostname="dell-inspiron-5559" failures="0" tests="4" name="TestRunner" time="12.601" errors="0" timestamp="30 Sep 2020 18:52:23 GMT" skipped="0">
  <testcase classname="TestRunner" name="LogInToTheDCS" time="0.966"/>
  <testcase classname="TestRunner" name="GotoMainMenu" time="2.624"/>
  <testcase classname="TestRunner" name="goToFlights" time="3.160"/>
  <testcase classname="TestRunner" name="GotoDashBoard" time="5.851"/>
</testsuite> <!-- TestRunner -->
