<?xml version="1.0" encoding="UTF-8"?>
<!-- Generated by org.testng.reporters.JUnitReportReporter -->
<testsuite hostname="dell-inspiron-5559" failures="0" tests="3" name="TestRunner" time="7.243" errors="0" timestamp="28 Sep 2020 18:22:49 GMT" skipped="0">
  <testcase classname="TestRunner" name="LogInToTheDCS" time="1.195"/>
  <testcase classname="TestRunner" name="GotoDashBoard" time="2.303"/>
  <testcase classname="TestRunner" name="goToFlights" time="3.745"/>
</testsuite> <!-- TestRunner -->
