<?xml version="1.0" encoding="UTF-8"?>
<!-- Generated by org.testng.reporters.JUnitReportReporter -->
<testsuite hostname="dell-inspiron-5559" failures="0" tests="3" name="TestRunner" time="6.920" errors="0" timestamp="29 Sep 2020 11:41:12 GMT" skipped="0">
  <testcase classname="TestRunner" name="LogInToTheDCS" time="1.146"/>
  <testcase classname="TestRunner" name="GotoDashBoard" time="3.068"/>
  <testcase classname="TestRunner" name="goToFlights" time="2.706"/>
</testsuite> <!-- TestRunner -->
