<?xml version="1.0" encoding="UTF-8"?>
<!-- Generated by org.testng.reporters.JUnitReportReporter -->
<testsuite hostname="dell-inspiron-5559" failures="0" tests="4" name="TestRunner" time="7.494" errors="0" timestamp="30 Sep 2020 12:05:54 GMT" skipped="0">
  <testcase classname="TestRunner" name="LogInToTheDCS" time="0.740"/>
  <testcase classname="TestRunner" name="GotoDashBoard" time="2.147"/>
  <testcase classname="TestRunner" name="GotoMainMenu" time="2.225"/>
  <testcase classname="TestRunner" name="goToFlights" time="2.382"/>
</testsuite> <!-- TestRunner -->
