<?xml version="1.0" encoding="UTF-8"?>
<!-- Generated by org.testng.reporters.JUnitReportReporter -->
<testsuite hostname="dell-inspiron-5559" failures="0" tests="4" name="TestRunner" time="45.490" errors="0" timestamp="30 Sep 2020 13:42:06 GMT" skipped="0">
  <testcase classname="TestRunner" name="LogInToTheDCS" time="21.991"/>
  <testcase classname="TestRunner" name="GotoDashBoard" time="12.218"/>
  <testcase classname="TestRunner" name="GotoMainMenu" time="4.905"/>
  <testcase classname="TestRunner" name="goToFlights" time="6.376"/>
</testsuite> <!-- TestRunner -->
