<?xml version="1.0" encoding="UTF-8"?>
<!-- Generated by org.testng.reporters.JUnitReportReporter -->
<testsuite hostname="dell-inspiron-5559" failures="0" tests="3" name="TestRunner" time="6.379" errors="0" timestamp="29 Sep 2020 02:35:36 GMT" skipped="0">
  <testcase classname="TestRunner" name="LogInToTheDCS" time="0.860"/>
  <testcase classname="TestRunner" name="GotoDashBoard" time="2.367"/>
  <testcase classname="TestRunner" name="goToFlights" time="3.152"/>
</testsuite> <!-- TestRunner -->
